Determining if the pthread_create exist failed with the following output:
Change Dir: /home/janelle/Documents/thesis/catkin_ws/build/CMakeFiles/CMakeTmp

Run Build Command:/usr/bin/make "cmTryCompileExec616635461/fast"
/usr/bin/make -f CMakeFiles/cmTryCompileExec616635461.dir/build.make CMakeFiles/cmTryCompileExec616635461.dir/build
make[1]: Entering directory `/home/janelle/Documents/thesis/catkin_ws/build/CMakeFiles/CMakeTmp'
/usr/bin/cmake -E cmake_progress_report /home/janelle/Documents/thesis/catkin_ws/build/CMakeFiles/CMakeTmp/CMakeFiles 1
Building C object CMakeFiles/cmTryCompileExec616635461.dir/CheckSymbolExists.c.o
/usr/bin/cc    -o CMakeFiles/cmTryCompileExec616635461.dir/CheckSymbolExists.c.o   -c /home/janelle/Documents/thesis/catkin_ws/build/CMakeFiles/CMakeTmp/CheckSymbolExists.c
Linking C executable cmTryCompileExec616635461
/usr/bin/cmake -E cmake_link_script CMakeFiles/cmTryCompileExec616635461.dir/link.txt --verbose=1
/usr/bin/cc       CMakeFiles/cmTryCompileExec616635461.dir/CheckSymbolExists.c.o  -o cmTryCompileExec616635461 -rdynamic 
CMakeFiles/cmTryCompileExec616635461.dir/CheckSymbolExists.c.o: In function `main':
CheckSymbolExists.c:(.text+0x16): undefined reference to `pthread_create'
collect2: error: ld returned 1 exit status
make[1]: *** [cmTryCompileExec616635461] Error 1
make[1]: Leaving directory `/home/janelle/Documents/thesis/catkin_ws/build/CMakeFiles/CMakeTmp'
make: *** [cmTryCompileExec616635461/fast] Error 2

File /home/janelle/Documents/thesis/catkin_ws/build/CMakeFiles/CMakeTmp/CheckSymbolExists.c:
/* */
#include <pthread.h>

int main(int argc, char** argv)
{
  (void)argv;
#ifndef pthread_create
  return ((int*)(&pthread_create))[argc];
#else
  (void)argc;
  return 0;
#endif
}

Determining if the function pthread_create exists in the pthreads failed with the following output:
Change Dir: /home/janelle/Documents/thesis/catkin_ws/build/CMakeFiles/CMakeTmp

Run Build Command:/usr/bin/make "cmTryCompileExec2639356903/fast"
/usr/bin/make -f CMakeFiles/cmTryCompileExec2639356903.dir/build.make CMakeFiles/cmTryCompileExec2639356903.dir/build
make[1]: Entering directory `/home/janelle/Documents/thesis/catkin_ws/build/CMakeFiles/CMakeTmp'
/usr/bin/cmake -E cmake_progress_report /home/janelle/Documents/thesis/catkin_ws/build/CMakeFiles/CMakeTmp/CMakeFiles 1
Building C object CMakeFiles/cmTryCompileExec2639356903.dir/CheckFunctionExists.c.o
/usr/bin/cc   -DCHECK_FUNCTION_EXISTS=pthread_create   -o CMakeFiles/cmTryCompileExec2639356903.dir/CheckFunctionExists.c.o   -c /usr/share/cmake-2.8/Modules/CheckFunctionExists.c
Linking C executable cmTryCompileExec2639356903
/usr/bin/cmake -E cmake_link_script CMakeFiles/cmTryCompileExec2639356903.dir/link.txt --verbose=1
/usr/bin/cc   -DCHECK_FUNCTION_EXISTS=pthread_create    CMakeFiles/cmTryCompileExec2639356903.dir/CheckFunctionExists.c.o  -o cmTryCompileExec2639356903 -rdynamic -lpthreads 
/usr/bin/ld: cannot find -lpthreads
collect2: error: ld returned 1 exit status
make[1]: *** [cmTryCompileExec2639356903] Error 1
make[1]: Leaving directory `/home/janelle/Documents/thesis/catkin_ws/build/CMakeFiles/CMakeTmp'
make: *** [cmTryCompileExec2639356903/fast] Error 2


